Good evening Dave,  
last action : 2018-12-09 15:19:07.461000 :  
no key to parse : config 
last action : 2018-12-09 15:19:55.088000 :  
no key to parse : Neopixel 
last action : 2018-12-09 15:20:00.762000 :  
no key to parse : chatbot 
last action : 2018-12-09 15:20:37.136000 :  
no key to parse : pir 
last action : 2018-12-09 15:20:37.495000 :  
no key to parse : opencv 
last action : 2018-12-09 15:20:39.002000 :  
no key to parse : openni 
last action : 2018-12-09 15:20:42.152000 :  
no key to parse : eyeLids 
last action : 2018-12-09 15:20:42.530000 :  
no key to parse : head 
last action : 2018-12-09 15:20:48.511000 :  
no key to parse : leftArm 
last action : 2018-12-09 15:20:48.834000 :  
no key to parse : lefthand 
last action : 2018-12-09 15:20:49.129000 :  
no key to parse : rightArm 
last action : 2018-12-09 15:20:49.427000 :  
no key to parse : rightHand 
last action : 2018-12-09 15:20:49.730000 :  
no key to parse : torso 
last action : 2018-12-09 15:20:55.004000 :  
no key to parse : inmoovlife 
